c:\users\s171842\documents\visual studio 2015\projects\tictactoe\tictactoe\debug\vc140.pdb
c:\users\s171842\documents\visual studio 2015\projects\tictactoe\tictactoe\debug\vc140.idb
c:\users\s171842\documents\visual studio 2015\projects\tictactoe\tictactoe\debug\mian.obj
c:\users\s171842\documents\visual studio 2015\projects\tictactoe\tictactoe\debug\main.obj
c:\users\s171842\documents\visual studio 2015\projects\tictactoe\tictactoe\debug\takingasquare.obj
c:\users\s171842\documents\visual studio 2015\projects\tictactoe\tictactoe\debug\winnercheck.obj
e:\2017 bachelor projects\c++\tictactoe\tictactoe\debug\vc140.pdb
e:\2017 bachelor projects\c++\tictactoe\tictactoe\debug\vc140.idb
e:\2017 bachelor projects\c++\tictactoe\tictactoe\debug\main.obj
e:\2017 bachelor projects\c++\tictactoe\tictactoe\debug\takingasquare.obj
e:\2017 bachelor projects\c++\tictactoe\tictactoe\debug\winnercheck.obj
c:\users\s171842\documents\visual studio 2015\projects\tictactoe\debug\tictactoe.ilk
c:\users\s171842\documents\visual studio 2015\projects\tictactoe\debug\tictactoe.exe
c:\users\s171842\documents\visual studio 2015\projects\tictactoe\debug\tictactoe.pdb
e:\2017 bachelor projects\c++\tictactoe\tictactoe\debug\mian.obj
e:\2017 bachelor projects\c++\tictactoe\tictactoe\debug\tictactoe.ilk
e:\2017 bachelor projects\c++\tictactoe\tictactoe\debug\tictactoe.pdb
e:\2017 bachelor projects\c++\tictactoe\debug\tictactoe.pdb
e:\2017 bachelor projects\c++\tictactoe\tictactoe\debug\tictactoe.tlog\cl.command.1.tlog
e:\2017 bachelor projects\c++\tictactoe\tictactoe\debug\tictactoe.tlog\cl.read.1.tlog
e:\2017 bachelor projects\c++\tictactoe\tictactoe\debug\tictactoe.tlog\cl.write.1.tlog
e:\2017 bachelor projects\c++\tictactoe\tictactoe\debug\tictactoe.tlog\link.command.1.tlog
e:\2017 bachelor projects\c++\tictactoe\tictactoe\debug\tictactoe.tlog\link.read.1.tlog
e:\2017 bachelor projects\c++\tictactoe\tictactoe\debug\tictactoe.tlog\link.write.1.tlog
