e:\2017 bachelor projects\c++\c++ project assessments\debugging exercise\debug\vc140.pdb
e:\2017 bachelor projects\c++\c++ project assessments\debugging exercise\debug\vc140.idb
e:\2017 bachelor projects\c++\c++ project assessments\debugging exercise\debug\entity.obj
e:\2017 bachelor projects\c++\c++ project assessments\debugging exercise\debug\main.obj
e:\2017 bachelor projects\c++\c++ project assessments\debugging exercise\debug\marine.obj
e:\2017 bachelor projects\c++\c++ project assessments\debugging exercise\debug\zergling.obj
e:\2017 bachelor projects\c++\c++ project assessments\debugging exercise - copy\debug\vc140.pdb
e:\2017 bachelor projects\c++\c++ project assessments\debugging exercise - copy\debug\vc140.idb
e:\2017 bachelor projects\c++\c++ project assessments\debugging exercise - copy\debug\entity.obj
e:\2017 bachelor projects\c++\c++ project assessments\debugging exercise - copy\debug\main.obj
e:\2017 bachelor projects\c++\c++ project assessments\debugging exercise - copy\debug\marine.obj
e:\2017 bachelor projects\c++\c++ project assessments\debugging exercise - copy\debug\zergling.obj
e:\2017 bachelor projects\c++\c++ project assessments\debugging exercise\debug\debugging exercise.ilk
e:\2017 bachelor projects\c++\c++ project assessments\debugging exercise\debug\debugging exercise.exe
e:\2017 bachelor projects\c++\c++ project assessments\debugging exercise\debug\debugging exercise.pdb
e:\2017 bachelor projects\c++\c++ project assessments\debugging exercise - copy\debug\debugging exercise.ilk
e:\2017 bachelor projects\c++\c++ project assessments\debugging exercise - copy\debug\debugging exercise.pdb
e:\2017 bachelor projects\c++\c++ project assessments\debugging exercise - copy\debug\debugging exercise.exe
e:\2017 bachelor projects\c++\c++ project assessments\debugging exercise - copy\debug\debuggin.e6fadf32.tlog\cl.command.1.tlog
e:\2017 bachelor projects\c++\c++ project assessments\debugging exercise - copy\debug\debuggin.e6fadf32.tlog\cl.read.1.tlog
e:\2017 bachelor projects\c++\c++ project assessments\debugging exercise - copy\debug\debuggin.e6fadf32.tlog\cl.write.1.tlog
e:\2017 bachelor projects\c++\c++ project assessments\debugging exercise - copy\debug\debuggin.e6fadf32.tlog\link.command.1.tlog
e:\2017 bachelor projects\c++\c++ project assessments\debugging exercise - copy\debug\debuggin.e6fadf32.tlog\link.read.1.tlog
e:\2017 bachelor projects\c++\c++ project assessments\debugging exercise - copy\debug\debuggin.e6fadf32.tlog\link.write.1.tlog
