  tictactoe.cpp
e:\2017 bachelor projects\c++\tictactoe\tictactoepractice\tictactoepractice\tictactoe.cpp(10): warning C4244: 'argument': conversion from 'time_t' to 'unsigned int', possible loss of data
c:\program files (x86)\microsoft visual studio 14.0\vc\include\string(17): error C2870: 'std': a namespace definition must appear either at file scope or immediately within another namespace definition
c:\program files (x86)\microsoft visual studio 14.0\vc\include\string(22): error C2988: unrecognizable template declaration/definition
c:\program files (x86)\microsoft visual studio 14.0\vc\include\string(22): error C2143: syntax error: missing ';' before '<'
c:\program files (x86)\microsoft visual studio 14.0\vc\include\string(22): error C2433: 'basic_istream': 'inline' not permitted on data declarations
c:\program files (x86)\microsoft visual studio 14.0\vc\include\string(22): error C4430: missing type specifier - int assumed. Note: C++ does not support default-int
c:\program files (x86)\microsoft visual studio 14.0\vc\include\string(22): error C2059: syntax error: '<'
c:\program files (x86)\microsoft visual studio 14.0\vc\include\string(77): error C2143: syntax error: missing ';' before '{'
c:\program files (x86)\microsoft visual studio 14.0\vc\include\string(77): error C2447: '{': missing function header (old-style formal list?)
c:\program files (x86)\microsoft visual studio 14.0\vc\include\string(126): error C2988: unrecognizable template declaration/definition
c:\program files (x86)\microsoft visual studio 14.0\vc\include\string(126): error C2143: syntax error: missing ';' before '<'
c:\program files (x86)\microsoft visual studio 14.0\vc\include\string(126): error C2433: 'basic_istream': 'inline' not permitted on data declarations
c:\program files (x86)\microsoft visual studio 14.0\vc\include\string(126): error C4430: missing type specifier - int assumed. Note: C++ does not support default-int
c:\program files (x86)\microsoft visual studio 14.0\vc\include\string(126): error C2374: 'std::basic_istream': redefinition; multiple initialization
  c:\program files (x86)\microsoft visual studio 14.0\vc\include\string(22): note: see declaration of 'std::basic_istream'
c:\program files (x86)\microsoft visual studio 14.0\vc\include\string(126): error C2059: syntax error: '<'
c:\program files (x86)\microsoft visual studio 14.0\vc\include\string(139): error C2143: syntax error: missing ';' before '{'
c:\program files (x86)\microsoft visual studio 14.0\vc\include\string(139): error C2447: '{': missing function header (old-style formal list?)
c:\program files (x86)\microsoft visual studio 14.0\vc\include\string(146): error C2988: unrecognizable template declaration/definition
c:\program files (x86)\microsoft visual studio 14.0\vc\include\string(146): error C2143: syntax error: missing ';' before '<'
c:\program files (x86)\microsoft visual studio 14.0\vc\include\string(146): error C2433: 'basic_istream': 'inline' not permitted on data declarations
c:\program files (x86)\microsoft visual studio 14.0\vc\include\string(146): error C4430: missing type specifier - int assumed. Note: C++ does not support default-int
c:\program files (x86)\microsoft visual studio 14.0\vc\include\string(146): error C2374: 'std::basic_istream': redefinition; multiple initialization
  c:\program files (x86)\microsoft visual studio 14.0\vc\include\string(22): note: see declaration of 'std::basic_istream'
c:\program files (x86)\microsoft visual studio 14.0\vc\include\string(146): error C2059: syntax error: '<'
c:\program files (x86)\microsoft visual studio 14.0\vc\include\string(160): error C2143: syntax error: missing ';' before '{'
c:\program files (x86)\microsoft visual studio 14.0\vc\include\string(160): error C2447: '{': missing function header (old-style formal list?)
c:\program files (x86)\microsoft visual studio 14.0\vc\include\string(167): error C2988: unrecognizable template declaration/definition
c:\program files (x86)\microsoft visual studio 14.0\vc\include\string(167): error C2143: syntax error: missing ';' before '<'
c:\program files (x86)\microsoft visual studio 14.0\vc\include\string(167): error C2433: 'basic_ostream': 'inline' not permitted on data declarations
c:\program files (x86)\microsoft visual studio 14.0\vc\include\string(167): error C4430: missing type specifier - int assumed. Note: C++ does not support default-int
c:\program files (x86)\microsoft visual studio 14.0\vc\include\string(167): error C2059: syntax error: '<'
c:\program files (x86)\microsoft visual studio 14.0\vc\include\string(219): error C2143: syntax error: missing ';' before '{'
c:\program files (x86)\microsoft visual studio 14.0\vc\include\string(219): error C2447: '{': missing function header (old-style formal list?)
c:\program files (x86)\microsoft visual studio 14.0\vc\include\string(234): error C4430: missing type specifier - int assumed. Note: C++ does not support default-int
c:\program files (x86)\microsoft visual studio 14.0\vc\include\string(234): error C2988: unrecognizable template declaration/definition
c:\program files (x86)\microsoft visual studio 14.0\vc\include\string(234): error C2143: syntax error: missing ',' before '&'
c:\program files (x86)\microsoft visual studio 14.0\vc\include\string(236): error C2447: '{': missing function header (old-style formal list?)
c:\program files (x86)\microsoft visual studio 14.0\vc\include\string(251): error C4430: missing type specifier - int assumed. Note: C++ does not support default-int
c:\program files (x86)\microsoft visual studio 14.0\vc\include\string(251): error C2988: unrecognizable template declaration/definition
c:\program files (x86)\microsoft visual studio 14.0\vc\include\string(251): error C2143: syntax error: missing ',' before '&'
c:\program files (x86)\microsoft visual studio 14.0\vc\include\string(253): error C2447: '{': missing function header (old-style formal list?)
c:\program files (x86)\microsoft visual studio 14.0\vc\include\string(268): error C4430: missing type specifier - int assumed. Note: C++ does not support default-int
c:\program files (x86)\microsoft visual studio 14.0\vc\include\string(268): error C2988: unrecognizable template declaration/definition
c:\program files (x86)\microsoft visual studio 14.0\vc\include\string(268): error C2143: syntax error: missing ',' before '&'
c:\program files (x86)\microsoft visual studio 14.0\vc\include\string(270): error C2447: '{': missing function header (old-style formal list?)
c:\program files (x86)\microsoft visual studio 14.0\vc\include\string(285): error C4430: missing type specifier - int assumed. Note: C++ does not support default-int
c:\program files (x86)\microsoft visual studio 14.0\vc\include\string(285): error C2988: unrecognizable template declaration/definition
c:\program files (x86)\microsoft visual studio 14.0\vc\include\string(285): error C2143: syntax error: missing ',' before '&'
c:\program files (x86)\microsoft visual studio 14.0\vc\include\string(287): error C2447: '{': missing function header (old-style formal list?)
c:\program files (x86)\microsoft visual studio 14.0\vc\include\string(302): error C4430: missing type specifier - int assumed. Note: C++ does not support default-int
c:\program files (x86)\microsoft visual studio 14.0\vc\include\string(302): error C2988: unrecognizable template declaration/definition
c:\program files (x86)\microsoft visual studio 14.0\vc\include\string(302): error C2143: syntax error: missing ',' before '&'
c:\program files (x86)\microsoft visual studio 14.0\vc\include\string(303): error C2447: '{': missing function header (old-style formal list?)
c:\program files (x86)\microsoft visual studio 14.0\vc\include\string(318): error C4430: missing type specifier - int assumed. Note: C++ does not support default-int
c:\program files (x86)\microsoft visual studio 14.0\vc\include\string(318): error C2988: unrecognizable template declaration/definition
c:\program files (x86)\microsoft visual studio 14.0\vc\include\string(318): error C2143: syntax error: missing ',' before '&'
c:\program files (x86)\microsoft visual studio 14.0\vc\include\string(319): error C2447: '{': missing function header (old-style formal list?)
c:\program files (x86)\microsoft visual studio 14.0\vc\include\string(334): error C4430: missing type specifier - int assumed. Note: C++ does not support default-int
c:\program files (x86)\microsoft visual studio 14.0\vc\include\string(334): error C2988: unrecognizable template declaration/definition
c:\program files (x86)\microsoft visual studio 14.0\vc\include\string(334): error C2143: syntax error: missing ',' before '&'
c:\program files (x86)\microsoft visual studio 14.0\vc\include\string(335): error C2447: '{': missing function header (old-style formal list?)
c:\program files (x86)\microsoft visual studio 14.0\vc\include\string(351): error C4430: missing type specifier - int assumed. Note: C++ does not support default-int
c:\program files (x86)\microsoft visual studio 14.0\vc\include\string(351): error C2988: unrecognizable template declaration/definition
c:\program files (x86)\microsoft visual studio 14.0\vc\include\string(351): error C2143: syntax error: missing ',' before '&'
c:\program files (x86)\microsoft visual studio 14.0\vc\include\string(353): error C2447: '{': missing function header (old-style formal list?)
c:\program files (x86)\microsoft visual studio 14.0\vc\include\string(368): error C4430: missing type specifier - int assumed. Note: C++ does not support default-int
c:\program files (x86)\microsoft visual studio 14.0\vc\include\string(368): error C2988: unrecognizable template declaration/definition
c:\program files (x86)\microsoft visual studio 14.0\vc\include\string(368): error C2143: syntax error: missing ',' before '&'
c:\program files (x86)\microsoft visual studio 14.0\vc\include\string(370): error C2447: '{': missing function header (old-style formal list?)
c:\program files (x86)\microsoft visual studio 14.0\vc\include\string(385): error C4430: missing type specifier - int assumed. Note: C++ does not support default-int
c:\program files (x86)\microsoft visual studio 14.0\vc\include\string(385): error C2988: unrecognizable template declaration/definition
c:\program files (x86)\microsoft visual studio 14.0\vc\include\string(385): error C2143: syntax error: missing ',' before '&'
c:\program files (x86)\microsoft visual studio 14.0\vc\include\string(387): error C2447: '{': missing function header (old-style formal list?)
c:\program files (x86)\microsoft visual studio 14.0\vc\include\string(402): error C4430: missing type specifier - int assumed. Note: C++ does not support default-int
c:\program files (x86)\microsoft visual studio 14.0\vc\include\string(402): error C2988: unrecognizable template declaration/definition
c:\program files (x86)\microsoft visual studio 14.0\vc\include\string(402): error C2143: syntax error: missing ',' before '&'
c:\program files (x86)\microsoft visual studio 14.0\vc\include\string(404): error C2447: '{': missing function header (old-style formal list?)
c:\program files (x86)\microsoft visual studio 14.0\vc\include\string(419): error C4430: missing type specifier - int assumed. Note: C++ does not support default-int
c:\program files (x86)\microsoft visual studio 14.0\vc\include\string(419): error C2988: unrecognizable template declaration/definition
c:\program files (x86)\microsoft visual studio 14.0\vc\include\string(419): error C2143: syntax error: missing ',' before '&'
c:\program files (x86)\microsoft visual studio 14.0\vc\include\string(421): error C2447: '{': missing function header (old-style formal list?)
c:\program files (x86)\microsoft visual studio 14.0\vc\include\string(436): error C4430: missing type specifier - int assumed. Note: C++ does not support default-int
c:\program files (x86)\microsoft visual studio 14.0\vc\include\string(436): error C2988: unrecognizable template declaration/definition
c:\program files (x86)\microsoft visual studio 14.0\vc\include\string(436): error C2143: syntax error: missing ',' before '&'
c:\program files (x86)\microsoft visual studio 14.0\vc\include\string(437): error C2447: '{': missing function header (old-style formal list?)
c:\program files (x86)\microsoft visual studio 14.0\vc\include\string(452): error C4430: missing type specifier - int assumed. Note: C++ does not support default-int
c:\program files (x86)\microsoft visual studio 14.0\vc\include\string(452): error C2988: unrecognizable template declaration/definition
c:\program files (x86)\microsoft visual studio 14.0\vc\include\string(452): error C2143: syntax error: missing ',' before '&'
c:\program files (x86)\microsoft visual studio 14.0\vc\include\string(453): error C2447: '{': missing function header (old-style formal list?)
c:\program files (x86)\microsoft visual studio 14.0\vc\include\string(468): error C4430: missing type specifier - int assumed. Note: C++ does not support default-int
c:\program files (x86)\microsoft visual studio 14.0\vc\include\string(468): error C2988: unrecognizable template declaration/definition
c:\program files (x86)\microsoft visual studio 14.0\vc\include\string(468): error C2143: syntax error: missing ',' before '&'
c:\program files (x86)\microsoft visual studio 14.0\vc\include\string(469): error C2447: '{': missing function header (old-style formal list?)
c:\program files (x86)\microsoft visual studio 14.0\vc\include\string(521): error C2888: '_Elem *_UIntegral_to_buff(_Elem *,_UTy)': symbol cannot be defined within namespace 'std'
c:\program files (x86)\microsoft visual studio 14.0\vc\include\string(526): error C2988: unrecognizable template declaration/definition
c:\program files (x86)\microsoft visual studio 14.0\vc\include\string(526): error C2143: syntax error: missing ';' before '<'
c:\program files (x86)\microsoft visual studio 14.0\vc\include\string(526): error C2433: 'basic_string': 'inline' not permitted on data declarations
c:\program files (x86)\microsoft visual studio 14.0\vc\include\string(526): error C4430: missing type specifier - int assumed. Note: C++ does not support default-int
c:\program files (x86)\microsoft visual studio 14.0\vc\include\string(526): error C2059: syntax error: '<'
c:\program files (x86)\microsoft visual studio 14.0\vc\include\string(547): error C2143: syntax error: missing ';' before '{'
c:\program files (x86)\microsoft visual studio 14.0\vc\include\string(547): error C2447: '{': missing function header (old-style formal list?)
c:\program files (x86)\microsoft visual studio 14.0\vc\include\string(559): error C2433: 'wstring': 'inline' not permitted on data declarations
c:\program files (x86)\microsoft visual studio 14.0\vc\include\string(559): error C4430: missing type specifier - int assumed. Note: C++ does not support default-int
c:\program files (x86)\microsoft visual studio 14.0\vc\include\string(559): error C2061: syntax error: identifier '_Floating_to_wstring'
c:\program files (x86)\microsoft visual studio 14.0\vc\include\string(575): error C2143: syntax error: missing ';' before '{'
c:\program files (x86)\microsoft visual studio 14.0\vc\include\string(575): error C2447: '{': missing function header (old-style formal list?)
c:\program files (x86)\microsoft visual studio 14.0\vc\include\string(579): error C2146: syntax error: missing ';' before identifier 'to_string'
c:\program files (x86)\microsoft visual studio 14.0\vc\include\string(580): error C4430: missing type specifier - int assumed. Note: C++ does not support default-int
c:\program files (x86)\microsoft visual studio 14.0\vc\include\string(580): error C2447: '{': missing function header (old-style formal list?)
c:\program files (x86)\microsoft visual studio 14.0\vc\include\string(584): error C2146: syntax error: missing ';' before identifier 'to_string'
c:\program files (x86)\microsoft visual studio 14.0\vc\include\string(585): error C4430: missing type specifier - int assumed. Note: C++ does not support default-int
c:\program files (x86)\microsoft visual studio 14.0\vc\include\string(585): error C2447: '{': missing function header (old-style formal list?)
c:\program files (x86)\microsoft visual studio 14.0\vc\include\string(589): error C2146: syntax error: missing ';' before identifier 'to_string'
c:\program files (x86)\microsoft visual studio 14.0\vc\include\string(590): error C4430: missing type specifier - int assumed. Note: C++ does not support default-int
c:\program files (x86)\microsoft visual studio 14.0\vc\include\string(590): error C2447: '{': missing function header (old-style formal list?)
c:\program files (x86)\microsoft visual studio 14.0\vc\include\string(594): error C2146: syntax error: missing ';' before identifier 'to_string'
c:\program files (x86)\microsoft visual studio 14.0\vc\include\string(595): error C4430: missing type specifier - int assumed. Note: C++ does not support default-int
c:\program files (x86)\microsoft visual studio 14.0\vc\include\string(595): error C2447: '{': missing function header (old-style formal list?)
c:\program files (x86)\microsoft visual studio 14.0\vc\include\string(599): error C2146: syntax error: missing ';' before identifier 'to_string'
c:\program files (x86)\microsoft visual studio 14.0\vc\include\string(600): error C4430: missing type specifier - int assumed. Note: C++ does not support default-int
c:\program files (x86)\microsoft visual studio 14.0\vc\include\string(600): error C2447: '{': missing function header (old-style formal list?)
c:\program files (x86)\microsoft visual studio 14.0\vc\include\string(604): error C2146: syntax error: missing ';' before identifier 'to_string'
c:\program files (x86)\microsoft visual studio 14.0\vc\include\string(605): error C4430: missing type specifier - int assumed. Note: C++ does not support default-int
c:\program files (x86)\microsoft visual studio 14.0\vc\include\string(605): error C2447: '{': missing function header (old-style formal list?)
c:\program files (x86)\microsoft visual studio 14.0\vc\include\string(609): error C2146: syntax error: missing ';' before identifier 'to_string'
c:\program files (x86)\microsoft visual studio 14.0\vc\include\string(610): error C4430: missing type specifier - int assumed. Note: C++ does not support default-int
c:\program files (x86)\microsoft visual studio 14.0\vc\include\string(610): error C2447: '{': missing function header (old-style formal list?)
c:\program files (x86)\microsoft visual studio 14.0\vc\include\string(614): error C2146: syntax error: missing ';' before identifier 'to_string'
c:\program files (x86)\microsoft visual studio 14.0\vc\include\string(615): error C4430: missing type specifier - int assumed. Note: C++ does not support default-int
c:\program files (x86)\microsoft visual studio 14.0\vc\include\string(615): error C2447: '{': missing function header (old-style formal list?)
c:\program files (x86)\microsoft visual studio 14.0\vc\include\string(620): error C2146: syntax error: missing ';' before identifier 'to_wstring'
c:\program files (x86)\microsoft visual studio 14.0\vc\include\string(621): error C4430: missing type specifier - int assumed. Note: C++ does not support default-int
c:\program files (x86)\microsoft visual studio 14.0\vc\include\string(621): error C2447: '{': missing function header (old-style formal list?)
c:\program files (x86)\microsoft visual studio 14.0\vc\include\string(621): fatal error C1003: error count exceeds 100; stopping compilation
